<?xml version="1.0" encoding="UTF-8"?>
<!-- Generated by org.testng.reporters.JUnitReportReporter -->
<testsuite hostname="LAPTOP-Q520ISUC" failures="0" tests="3" name="com.testng.tests.day2.DataProviderTest" time="0.009" errors="0" timestamp="2023-06-03T18:17:55 EDT" skipped="0">
  <testcase classname="com.testng.tests.day2.DataProviderTest" name="calculate" time="0.006"/>
  <system-out/>
  <testcase classname="com.testng.tests.day2.DataProviderTest" name="calculate" time="0.002"/>
  <system-out/>
  <testcase classname="com.testng.tests.day2.DataProviderTest" name="calculate" time="0.001"/>
  <system-out/>
</testsuite> <!-- com.testng.tests.day2.DataProviderTest -->
