<?xml version="1.0" encoding="UTF-8"?>
<!-- Generated by org.testng.reporters.JUnitReportReporter -->
<testsuite hostname="LAPTOP-Q520ISUC" failures="0" tests="1" name="com.cucumberTests.runners.CalculatorRunner" time="0.078" errors="0" timestamp="2023-06-16T11:52:10 EDT" skipped="0">
  <testcase classname="com.cucumberTests.runners.CalculatorRunner" name="runScenario" time="0.078"/>
  <system-out/>
</testsuite> <!-- com.cucumberTests.runners.CalculatorRunner -->
